Arguments: 
  C:\Program Files\nodejs\node.exe C:\Users\Rahul Sharma\AppData\Roaming\npm\node_modules\yarn\bin\yarn.js install

PATH: 
  C:\Windows\system32;C:\Windows;C:\Windows\System32\Wbem;C:\Windows\System32\WindowsPowerShell\v1.0\;C:\Windows\System32\OpenSSH\;C:\Program Files\dotnet\;C:\Program Files\NVIDIA Corporation\NVIDIA NvDLISR;C:\Program Files\MongoDB\Server\6.0\bin;C:\Users\Rahul Sharma\AppData\Roaming\nvm;C:\Program Files\Docker\Docker\resources\bin;C:\Program Files\nodejs\;C:\Program Files\Go\bin;C:\Program Files\Amazon\AWSCLIV2\;C:\Program Files\WireGuard\;C:\Users\Rahul Sharma\AppData\Local\Microsoft\WindowsApps;C:\Users\Rahul Sharma\AppData\Local\Programs\Git\cmd;C:\Users\Rahul Sharma\AppData\Local\Programs\Microsoft VS Code\bin;C:\Users\Rahul Sharma\AppData\Roaming\npm;C:\Users\Rahul Sharma\go\bin;C:\Workspace\Akash;

Yarn version: 
  1.22.19

Node version: 
  18.15.0

Platform: 
  win32 x64

Trace: 
  Error: connect ETIMEDOUT 2606:4700::6810:1d22:443
      at TCPConnectWrap.afterConnect [as oncomplete] (node:net:1494:16)

npm manifest: 
  {
    "name": "server",
    "version": "1.0.0",
    "description": "",
    "main": "index.js",
    "scripts": {
      "start:api": "nodemon App",
      "start:scheduler": "nodemon Schedular",
      "start": "concurrently \"npm run start:api\" \"npm run start:scheduler\"",
      "test": "echo \"Error: no test specified\" && exit 1"
    },
    "author": "",
    "license": "ISC",
    "dependencies": {
      "@nomicfoundation/hardhat-toolbox": "^2.0.2",
      "@openzeppelin/contracts": "^4.8.3",
      "@socket.io/redis-adapter": "^8.1.0",
      "@thirdweb-dev/auth": "^3.2.24",
      "@thirdweb-dev/sdk": "^3.10.43",
      "agenda": "^5.0.0",
      "axios": "1.4.0",
      "bcrypt": "^5.1.0",
      "cloudinary": "^1.37.3",
      "concurrently": "^8.0.1",
      "cookie-parser": "^1.4.6",
      "cors": "^2.8.5",
      "dotenv": "^16.0.3",
      "ethers": "^5.7.2",
      "express": "^4.18.2",
      "glob": "^8.1.0",
      "hardhat": "^2.14.0",
      "jsonwebtoken": "^9.0.0",
      "mongoose": "^6.9.0",
      "morgan": "^1.10.0",
      "multer": "^1.4.5-lts.1",
      "node-schedule": "^2.1.1",
      "passport": "^0.6.0",
      "passport-jwt": "^4.0.1",
      "passport-local": "^1.0.0",
      "passport-local-mongoose": "^8.0.0",
      "redis": "^4.6.4",
      "socket.io": "^4.6.0",
      "swagger-jsdoc": "^6.2.8",
      "swagger-ui-express": "^4.6.0",
      "web3": "^1.9.0"
    },
    "devDependencies": {
      "nodemon": "^2.0.22"
    }
  }

yarn manifest: 
  No manifest

Lockfile: 
  No lockfile
